User belongs to experiment group 'jupyterTestcf'
User belongs to experiment group 'jupyterEnhancedDataViewer'
Error 2021-04-06 16:18:40: Exception while attempting zmq : Error: /snap/core/current/usr/lib/x86_64-linux-gnu/libstdc++.so.6: version `GLIBCXX_3.4.22' not found (required by /home/mattia/.vscode/extensions/ms-toolsai.jupyter-2021.5.702919634/out/client/node_modules/zeromq/prebuilds/linux-x64/electron.napi.glibc.node)
    at process.func [as dlopen] (electron/js2c/asar_bundle.js:5:1812)
    at Object.Module._extensions..node (internal/modules/cjs/loader.js:1250:18)
    at Object.func [as .node] (electron/js2c/asar_bundle.js:5:1812)
    at Module.load (internal/modules/cjs/loader.js:1039:32)
    at Module._load (internal/modules/cjs/loader.js:932:14)
    at Function.f._load (electron/js2c/asar_bundle.js:5:12738)
    at Function.o._load (/var/lib/snapd/snap/code/60/usr/share/code/resources/app/out/vs/workbench/services/extensions/node/extensionHostProcess.js:105:28124)
    at Function.E._load (/var/lib/snapd/snap/code/60/usr/share/code/resources/app/out/vs/workbench/services/extensions/node/extensionHostProcess.js:105:24842)
    at Function.a._load (/var/lib/snapd/snap/code/60/usr/share/code/resources/app/out/vs/workbench/services/extensions/node/extensionHostProcess.js:95:59194)
    at Module.require (internal/modules/cjs/loader.js:1079:19)
    at v (/var/lib/snapd/snap/code/60/usr/share/code/resources/app/out/vs/loader.js:4:694)
    at load (/home/mattia/.vscode/extensions/ms-toolsai.jupyter-2021.5.702919634/out/client/node_modules/node-gyp-build/index.js:21:10)
    at Object.<anonymous> (/home/mattia/.vscode/extensions/ms-toolsai.jupyter-2021.5.702919634/out/client/node_modules/zeromq/lib/native.js:6:43)
    at Module.u._compile (/var/lib/snapd/snap/code/60/usr/share/code/resources/app/out/vs/loader.js:4:1248)
    at Object.Module._extensions..js (internal/modules/cjs/loader.js:1220:10)
    at Module.load (internal/modules/cjs/loader.js:1039:32)
    at Module._load (internal/modules/cjs/loader.js:932:14)
    at Function.f._load (electron/js2c/asar_bundle.js:5:12738)
    at Function.o._load (/var/lib/snapd/snap/code/60/usr/share/code/resources/app/out/vs/workbench/services/extensions/node/extensionHostProcess.js:105:28124)
    at Function.E._load (/var/lib/snapd/snap/code/60/usr/share/code/resources/app/out/vs/workbench/services/extensions/node/extensionHostProcess.js:105:24842)
    at Function.a._load (/var/lib/snapd/snap/code/60/usr/share/code/resources/app/out/vs/workbench/services/extensions/node/extensionHostProcess.js:95:59194)
    at Module.require (internal/modules/cjs/loader.js:1079:19)
    at v (/var/lib/snapd/snap/code/60/usr/share/code/resources/app/out/vs/loader.js:4:694)
    at Object.<anonymous> (/home/mattia/.vscode/extensions/ms-toolsai.jupyter-2021.5.702919634/out/client/node_modules/zeromq/lib/index.js:3:16)
    at Module.u._compile (/var/lib/snapd/snap/code/60/usr/share/code/resources/app/out/vs/loader.js:4:1248)
    at Object.Module._extensions..js (internal/modules/cjs/loader.js:1220:10)
    at Module.load (internal/modules/cjs/loader.js:1039:32)
    at Module._load (internal/modules/cjs/loader.js:932:14)
    at Function.f._load (electron/js2c/asar_bundle.js:5:12738)
    at Function.o._load (/var/lib/snapd/snap/code/60/usr/share/code/resources/app/out/vs/workbench/services/extensions/node/extensionHostProcess.js:105:28124)
    at Function.E._load (/var/lib/snapd/snap/code/60/usr/share/code/resources/app/out/vs/workbench/services/extensions/node/extensionHostProcess.js:105:24842)
    at Function.a._load (/var/lib/snapd/snap/code/60/usr/share/code/resources/app/out/vs/workbench/services/extensions/node/extensionHostProcess.js:95:59194)
    at Module.require (internal/modules/cjs/loader.js:1079:19)
    at v (/var/lib/snapd/snap/code/60/usr/share/code/resources/app/out/vs/loader.js:4:694)
    at Object.<anonymous> (/home/mattia/.vscode/extensions/ms-toolsai.jupyter-2021.5.702919634/out/client/extension.js:32:336965)
    at n (/home/mattia/.vscode/extensions/ms-toolsai.jupyter-2021.5.702919634/out/client/extension.js:1:186)
    at d.zmqSupported (/home/mattia/.vscode/extensions/ms-toolsai.jupyter-2021.5.702919634/out/client/extension.js:49:756875)
    at d.isSupportedForLocalLaunch (/home/mattia/.vscode/extensions/ms-toolsai.jupyter-2021.5.702919634/out/client/extension.js:49:756525)
    at d.supported (/home/mattia/.vscode/extensions/ms-toolsai.jupyter-2021.5.702919634/out/client/extension.js:49:756435)
    at Object.t.registerTypes (/home/mattia/.vscode/extensions/ms-toolsai.jupyter-2021.5.702919634/out/client/extension.js:47:806711)
    at /home/mattia/.vscode/extensions/ms-toolsai.jupyter-2021.5.702919634/out/client/extension.js:47:273023
    at processTicksAndRejections (internal/process/task_queues.js:97:5)
    at /home/mattia/.vscode/extensions/ms-toolsai.jupyter-2021.5.702919634/out/client/extension.js:32:772757
    at t.activate (/home/mattia/.vscode/extensions/ms-toolsai.jupyter-2021.5.702919634/out/client/extension.js:32:772444)
    at async Promise.all (index 1)
Info 2021-04-06 16:18:40: id is f9a9e6fe-12ec-475c-9152-b4b14fac6f7b
Info 2021-04-06 16:18:46: Found existing keyfile at /home/mattia/.config/Code/User/globalStorage/ms-toolsai.jupyter/nbsecret
