[2021-04-06 16:17:12.331] [exthost] [info] extension host started
[2021-04-06 16:17:12.461] [exthost] [info] ExtensionService#_doActivateExtension vscode.microsoft-authentication {"startup":false,"extensionId":{"value":"vscode.microsoft-authentication","_lower":"vscode.microsoft-authentication"},"activationEvent":"onAuthenticationRequest:microsoft"}
[2021-04-06 16:17:12.462] [exthost] [info] ExtensionService#loadCommonJSModule file:///var/lib/snapd/snap/code/60/usr/share/code/resources/app/extensions/microsoft-authentication/dist/extension.js
[2021-04-06 16:17:14.119] [exthost] [info] ExtensionService#_doActivateExtension aaron-bond.better-comments {"startup":false,"extensionId":{"value":"aaron-bond.better-comments","_lower":"aaron-bond.better-comments"},"activationEvent":"onLanguage:plaintext"}
[2021-04-06 16:17:14.120] [exthost] [info] ExtensionService#loadCommonJSModule file:///home/mattia/.vscode/extensions/aaron-bond.better-comments-2.1.0/out/extension
[2021-04-06 16:17:15.736] [exthost] [info] ExtensionService#_doActivateExtension ms-toolsai.jupyter {"startup":false,"extensionId":{"value":"ms-toolsai.jupyter","_lower":"ms-toolsai.jupyter"},"activationEvent":"onLanguage:python"}
[2021-04-06 16:17:15.736] [exthost] [info] ExtensionService#loadCommonJSModule file:///home/mattia/.vscode/extensions/ms-toolsai.jupyter-2021.5.702919634/out/client/extension
[2021-04-06 16:17:18.114] [exthost] [info] ExtensionService#_doActivateExtension njpwerner.autodocstring {"startup":false,"extensionId":{"value":"njpwerner.autodocstring","_lower":"njpwerner.autodocstring"},"activationEvent":"onLanguage:python"}
[2021-04-06 16:17:18.114] [exthost] [info] ExtensionService#loadCommonJSModule file:///home/mattia/.vscode/extensions/njpwerner.autodocstring-0.5.4/out/extension.js
[2021-04-06 16:17:21.547] [exthost] [info] ExtensionService#_doActivateExtension tht13.python {"startup":false,"extensionId":{"value":"tht13.python","_lower":"tht13.python"},"activationEvent":"onLanguage:python"}
[2021-04-06 16:17:21.548] [exthost] [info] ExtensionService#loadCommonJSModule file:///home/mattia/.vscode/extensions/tht13.python-0.2.3/out/client/src/pythonMain
[2021-04-06 16:17:22.739] [exthost] [info] ExtensionService#_doActivateExtension vscode.debug-auto-launch {"startup":true,"extensionId":{"value":"vscode.debug-auto-launch","_lower":"vscode.debug-auto-launch"},"activationEvent":"*"}
[2021-04-06 16:17:22.740] [exthost] [info] ExtensionService#loadCommonJSModule file:///var/lib/snapd/snap/code/60/usr/share/code/resources/app/extensions/debug-auto-launch/dist/extension
[2021-04-06 16:17:22.989] [exthost] [info] ExtensionService#_doActivateExtension vscode.git {"startup":true,"extensionId":{"value":"vscode.github","_lower":"vscode.github"},"activationEvent":"*"}
[2021-04-06 16:17:22.989] [exthost] [info] ExtensionService#loadCommonJSModule file:///var/lib/snapd/snap/code/60/usr/share/code/resources/app/extensions/git/dist/main
[2021-04-06 16:17:24.171] [exthost] [info] ExtensionService#_doActivateExtension CoenraadS.bracket-pair-colorizer {"startup":true,"extensionId":{"value":"CoenraadS.bracket-pair-colorizer","_lower":"coenraads.bracket-pair-colorizer"},"activationEvent":"*"}
[2021-04-06 16:17:24.171] [exthost] [info] ExtensionService#loadCommonJSModule file:///home/mattia/.vscode/extensions/coenraads.bracket-pair-colorizer-1.0.61/out/src/extension
[2021-04-06 16:17:26.027] [exthost] [info] ExtensionService#_doActivateExtension dariofuzinato.vue-peek {"startup":true,"extensionId":{"value":"dariofuzinato.vue-peek","_lower":"dariofuzinato.vue-peek"},"activationEvent":"*"}
[2021-04-06 16:17:26.027] [exthost] [info] ExtensionService#loadCommonJSModule file:///home/mattia/.vscode/extensions/dariofuzinato.vue-peek-1.0.2/out/src/extension
[2021-04-06 16:17:26.071] [exthost] [info] ExtensionService#_doActivateExtension ecmel.vscode-html-css {"startup":true,"extensionId":{"value":"ecmel.vscode-html-css","_lower":"ecmel.vscode-html-css"},"activationEvent":"*"}
[2021-04-06 16:17:26.071] [exthost] [info] ExtensionService#loadCommonJSModule file:///home/mattia/.vscode/extensions/ecmel.vscode-html-css-1.10.2/dist/extension.js
[2021-04-06 16:17:26.461] [exthost] [info] ExtensionService#_doActivateExtension formulahendry.auto-rename-tag {"startup":true,"extensionId":{"value":"formulahendry.auto-rename-tag","_lower":"formulahendry.auto-rename-tag"},"activationEvent":"*"}
[2021-04-06 16:17:26.461] [exthost] [info] ExtensionService#loadCommonJSModule file:///home/mattia/.vscode/extensions/formulahendry.auto-rename-tag-0.1.6/packages/extension/dist/extensionMain.js
[2021-04-06 16:17:26.746] [exthost] [info] ExtensionService#_doActivateExtension KnisterPeter.vscode-github {"startup":true,"extensionId":{"value":"KnisterPeter.vscode-github","_lower":"knisterpeter.vscode-github"},"activationEvent":"*"}
[2021-04-06 16:17:26.746] [exthost] [info] ExtensionService#loadCommonJSModule file:///home/mattia/.vscode/extensions/knisterpeter.vscode-github-0.30.5/out/src/main
[2021-04-06 16:17:51.238] [exthost] [info] ExtensionService#_doActivateExtension mblode.pretty-formatter {"startup":true,"extensionId":{"value":"mblode.pretty-formatter","_lower":"mblode.pretty-formatter"},"activationEvent":"*"}
[2021-04-06 16:17:51.238] [exthost] [info] ExtensionService#loadCommonJSModule file:///home/mattia/.vscode/extensions/mblode.pretty-formatter-0.2.2/out/extension.js
[2021-04-06 16:17:51.530] [exthost] [info] ExtensionService#_doActivateExtension peakchen90.vue-beautify {"startup":true,"extensionId":{"value":"peakchen90.vue-beautify","_lower":"peakchen90.vue-beautify"},"activationEvent":"*"}
[2021-04-06 16:17:51.530] [exthost] [info] ExtensionService#loadCommonJSModule file:///home/mattia/.vscode/extensions/peakchen90.vue-beautify-2.0.4/extension
[2021-04-06 16:17:52.173] [exthost] [info] ExtensionService#_doActivateExtension ritwickdey.LiveServer {"startup":true,"extensionId":{"value":"ritwickdey.LiveServer","_lower":"ritwickdey.liveserver"},"activationEvent":"*"}
[2021-04-06 16:17:52.173] [exthost] [info] ExtensionService#loadCommonJSModule file:///home/mattia/.vscode/extensions/ritwickdey.liveserver-5.6.1/out/src/extension
[2021-04-06 16:18:21.823] [exthost] [info] ExtensionService#_doActivateExtension tombonnike.vscode-status-bar-format-toggle {"startup":true,"extensionId":{"value":"tombonnike.vscode-status-bar-format-toggle","_lower":"tombonnike.vscode-status-bar-format-toggle"},"activationEvent":"*"}
[2021-04-06 16:18:21.823] [exthost] [info] ExtensionService#loadCommonJSModule file:///home/mattia/.vscode/extensions/tombonnike.vscode-status-bar-format-toggle-2.0.0/out/extension
[2021-04-06 16:18:22.495] [exthost] [info] ExtensionService#_doActivateExtension vscode-icons-team.vscode-icons {"startup":true,"extensionId":{"value":"vscode-icons-team.vscode-icons","_lower":"vscode-icons-team.vscode-icons"},"activationEvent":"*"}
[2021-04-06 16:18:22.495] [exthost] [info] ExtensionService#loadCommonJSModule file:///home/mattia/.vscode/extensions/vscode-icons-team.vscode-icons-11.4.0/dist/src/vscode-icons.bundle.js
[2021-04-06 16:18:22.599] [exthost] [info] ExtensionService#_doActivateExtension zhuangtongfa.material-theme {"startup":true,"extensionId":{"value":"zhuangtongfa.material-theme","_lower":"zhuangtongfa.material-theme"},"activationEvent":"*"}
[2021-04-06 16:18:22.599] [exthost] [info] ExtensionService#loadCommonJSModule file:///home/mattia/.vscode/extensions/zhuangtongfa.material-theme-3.10.10/out/extension.js
[2021-04-06 16:18:23.540] [exthost] [info] ExtensionService#_doActivateExtension Zignd.html-css-class-completion {"startup":true,"extensionId":{"value":"Zignd.html-css-class-completion","_lower":"zignd.html-css-class-completion"},"activationEvent":"*"}
[2021-04-06 16:18:23.540] [exthost] [info] ExtensionService#loadCommonJSModule file:///home/mattia/.vscode/extensions/zignd.html-css-class-completion-1.20.0/dist/extension.js
[2021-04-06 16:18:25.389] [exthost] [error] Activating extension peakchen90.vue-beautify failed due to an error:
[2021-04-06 16:18:25.396] [exthost] [error] TypeError: vscode.window.showWarningMessage is not a constructor
    at activate (/home/mattia/.vscode/extensions/peakchen90.vue-beautify-2.0.4/extension.js:15:5)
    at Function._callActivateOptional (/var/lib/snapd/snap/code/60/usr/share/code/resources/app/out/vs/workbench/services/extensions/node/extensionHostProcess.js:91:14382)
    at Function._callActivate (/var/lib/snapd/snap/code/60/usr/share/code/resources/app/out/vs/workbench/services/extensions/node/extensionHostProcess.js:91:14051)
    at /var/lib/snapd/snap/code/60/usr/share/code/resources/app/out/vs/workbench/services/extensions/node/extensionHostProcess.js:91:12203
    at processTicksAndRejections (internal/process/task_queues.js:97:5)
    at async Promise.all (index 8)
    at async Promise.all (index 0)
[2021-04-06 16:18:25.561] [exthost] [info] ExtensionService#_doActivateExtension pranaygp.vscode-css-peek {"startup":true,"extensionId":{"value":"pranaygp.vscode-css-peek","_lower":"pranaygp.vscode-css-peek"},"activationEvent":"workspaceContainsTimeout:**/*.css,**/*.scss,**/*.sass,**/*.less"}
[2021-04-06 16:18:25.561] [exthost] [info] ExtensionService#loadCommonJSModule file:///home/mattia/.vscode/extensions/pranaygp.vscode-css-peek-4.1.3/client/out/extension
[2021-04-06 16:18:33.070] [exthost] [info] ExtensionService#_doActivateExtension vscode.emmet {"startup":false,"extensionId":{"value":"vscode.emmet","_lower":"vscode.emmet"},"activationEvent":"onStartupFinished"}
[2021-04-06 16:18:33.070] [exthost] [info] ExtensionService#loadCommonJSModule file:///var/lib/snapd/snap/code/60/usr/share/code/resources/app/extensions/emmet/dist/node/emmetNodeMain
[2021-04-06 16:18:33.508] [exthost] [info] ExtensionService#_doActivateExtension vscode.merge-conflict {"startup":false,"extensionId":{"value":"vscode.merge-conflict","_lower":"vscode.merge-conflict"},"activationEvent":"onStartupFinished"}
[2021-04-06 16:18:33.509] [exthost] [info] ExtensionService#loadCommonJSModule file:///var/lib/snapd/snap/code/60/usr/share/code/resources/app/extensions/merge-conflict/dist/mergeConflictMain
[2021-04-06 16:18:33.771] [exthost] [info] ExtensionService#_doActivateExtension vscode.testing-editor-contributions {"startup":false,"extensionId":{"value":"vscode.testing-editor-contributions","_lower":"vscode.testing-editor-contributions"},"activationEvent":"onStartupFinished"}
[2021-04-06 16:18:33.771] [exthost] [info] ExtensionService#loadCommonJSModule file:///var/lib/snapd/snap/code/60/usr/share/code/resources/app/extensions/testing-editor-contributions/dist/extension.js
[2021-04-06 16:18:33.795] [exthost] [info] ExtensionService#_doActivateExtension esbenp.prettier-vscode {"startup":false,"extensionId":{"value":"esbenp.prettier-vscode","_lower":"esbenp.prettier-vscode"},"activationEvent":"onStartupFinished"}
[2021-04-06 16:18:33.795] [exthost] [info] ExtensionService#loadCommonJSModule file:///home/mattia/.vscode/extensions/esbenp.prettier-vscode-6.3.2/dist/extension
[2021-04-06 16:18:34.181] [exthost] [info] ExtensionService#_doActivateExtension ms-vscode-remote.remote-wsl {"startup":false,"extensionId":{"value":"ms-vscode-remote.remote-wsl","_lower":"ms-vscode-remote.remote-wsl"},"activationEvent":"onStartupFinished"}
[2021-04-06 16:18:34.181] [exthost] [info] ExtensionService#loadCommonJSModule file:///home/mattia/.vscode/extensions/ms-vscode-remote.remote-wsl-0.54.6/dist/extension
[2021-04-06 16:18:34.650] [exthost] [info] ExtensionService#_doActivateExtension ritwickdey.live-sass {"startup":true,"extensionId":{"value":"ritwickdey.live-sass","_lower":"ritwickdey.live-sass"},"activationEvent":"workspaceContainsTimeout:**/*.s[ac]ss"}
[2021-04-06 16:18:34.651] [exthost] [info] ExtensionService#loadCommonJSModule file:///home/mattia/.vscode/extensions/ritwickdey.live-sass-3.0.0/out/src/extension
[2021-04-06 16:18:41.120] [exthost] [info] ExtensionService#_doActivateExtension ms-vscode.js-debug {"startup":false,"extensionId":{"value":"ms-vscode.js-debug","_lower":"ms-vscode.js-debug"},"activationEvent":"onCommand:extension.js-debug.clearAutoAttachVariables"}
[2021-04-06 16:18:41.120] [exthost] [info] ExtensionService#loadCommonJSModule file:///var/lib/snapd/snap/code/60/usr/share/code/resources/app/extensions/ms-vscode.js-debug/src/extension.js
[2021-04-06 16:18:43.627] [exthost] [info] ExtensionService#_doActivateExtension vscode.github {"startup":false,"extensionId":{"value":"vscode.github","_lower":"vscode.github"},"activationEvent":"*"}
[2021-04-06 16:18:43.627] [exthost] [info] ExtensionService#loadCommonJSModule file:///var/lib/snapd/snap/code/60/usr/share/code/resources/app/extensions/github/dist/extension.js
[2021-04-06 16:18:44.215] [exthost] [info] ExtensionService#_doActivateExtension vscode.configuration-editing {"startup":false,"extensionId":{"value":"vscode.configuration-editing","_lower":"vscode.configuration-editing"},"activationEvent":"onLanguage:jsonc"}
[2021-04-06 16:18:44.216] [exthost] [info] ExtensionService#loadCommonJSModule file:///var/lib/snapd/snap/code/60/usr/share/code/resources/app/extensions/configuration-editing/dist/configurationEditingMain
[2021-04-06 16:18:44.370] [exthost] [info] ExtensionService#_doActivateExtension vscode.json-language-features {"startup":false,"extensionId":{"value":"vscode.json-language-features","_lower":"vscode.json-language-features"},"activationEvent":"onLanguage:jsonc"}
[2021-04-06 16:18:44.370] [exthost] [info] ExtensionService#loadCommonJSModule file:///var/lib/snapd/snap/code/60/usr/share/code/resources/app/extensions/json-language-features/client/dist/node/jsonClientMain
[2021-04-06 16:18:45.183] [exthost] [info] ExtensionService#_doActivateExtension vscode.typescript-language-features {"startup":false,"extensionId":{"value":"vscode.typescript-language-features","_lower":"vscode.typescript-language-features"},"activationEvent":"onLanguage:jsonc"}
[2021-04-06 16:18:45.183] [exthost] [info] ExtensionService#loadCommonJSModule file:///var/lib/snapd/snap/code/60/usr/share/code/resources/app/extensions/typescript-language-features/dist/extension
[2021-04-06 16:18:45.706] [exthost] [info] ExtensionService#_doActivateExtension vscode.github-authentication {"startup":false,"extensionId":{"value":"vscode.github-authentication","_lower":"vscode.github-authentication"},"activationEvent":"onAuthenticationRequest:github"}
[2021-04-06 16:18:45.706] [exthost] [info] ExtensionService#loadCommonJSModule file:///var/lib/snapd/snap/code/60/usr/share/code/resources/app/extensions/github-authentication/dist/extension.js
[2021-04-06 16:18:45.736] [exthost] [info] ExtensionService#_doActivateExtension ms-python.python {"startup":false,"extensionId":{"value":"ms-python.vscode-pylance","_lower":"ms-python.vscode-pylance"},"activationEvent":"onLanguage:python"}
[2021-04-06 16:18:45.736] [exthost] [info] ExtensionService#loadCommonJSModule file:///home/mattia/.vscode/extensions/ms-python.python-2021.3.680753044/out/client/extension
[2021-04-06 16:18:47.296] [exthost] [info] ExtensionService#_doActivateExtension ms-python.vscode-pylance {"startup":false,"extensionId":{"value":"ms-python.vscode-pylance","_lower":"ms-python.vscode-pylance"},"activationEvent":"onLanguage:python"}
[2021-04-06 16:18:47.296] [exthost] [info] ExtensionService#loadCommonJSModule file:///home/mattia/.vscode/extensions/ms-python.vscode-pylance-2021.3.4/dist/extension.bundle.js
